2025-07-26 09:23:50,945 ERROR: Error editing lesson with prompt: Could not import sentence_transformers python package. Please install it with `pip install sentence-transformers`. [in C:\Users\DCS\Desktop\New folder (10)\iqbalAI_1.0\app\services\lesson_service.py:987]
Traceback (most recent call last):
  File "C:\Users\DCS\Desktop\New folder (10)\iqbalAI_1.0\venv\Lib\site-packages\langchain_community\embeddings\huggingface.py", line 84, in __init__
    import sentence_transformers
ModuleNotFoundError: No module named 'sentence_transformers'

The above exception was the direct cause of the following exception:

Traceback (most recent call last):
  File "C:\Users\DCS\Desktop\New folder (10)\iqbalAI_1.0\app\services\lesson_service.py", line 947, in edit_lesson_with_prompt
    embeddings = HuggingFaceEmbeddings(model_name="sentence-transformers/all-MiniLM-L6-v2")
  File "C:\Users\DCS\Desktop\New folder (10)\iqbalAI_1.0\venv\Lib\site-packages\langchain_core\_api\deprecation.py", line 222, in warn_if_direct_instance
    return wrapped(self, *args, **kwargs)
  File "C:\Users\DCS\Desktop\New folder (10)\iqbalAI_1.0\venv\Lib\site-packages\langchain_community\embeddings\huggingface.py", line 87, in __init__
    raise ImportError(
    ...<2 lines>...
    ) from exc
ImportError: Could not import sentence_transformers python package. Please install it with `pip install sentence-transformers`.
2025-07-26 09:50:22,086 INFO: Checking survey submission status for user_id: 12 [in C:\Users\DCS\Desktop\New folder (10)\iqbalAI_1.0\app\models\models.py:1191]
2025-07-26 09:50:22,120 INFO: Survey check result: User 12 has not submitted a survey (count: 0) [in C:\Users\DCS\Desktop\New folder (10)\iqbalAI_1.0\app\models\models.py:1200]
2025-07-26 09:51:23,775 INFO: Processing text of length: 6910 [in C:\Users\DCS\Desktop\New folder (10)\iqbalAI_1.0\app\services\lesson_service.py:590]
2025-07-26 09:51:23,776 INFO: About to invoke LLM... [in C:\Users\DCS\Desktop\New folder (10)\iqbalAI_1.0\app\services\lesson_service.py:591]
2025-07-26 09:51:27,099 INFO: Received LLM response type: <class 'langchain_core.messages.ai.AIMessage'> [in C:\Users\DCS\Desktop\New folder (10)\iqbalAI_1.0\app\services\lesson_service.py:598]
2025-07-26 09:51:27,102 INFO: Response text (first 200 chars): {
    "title": "AI Resumer: Exploring the Skills and Experience of a Machine Learning Engineer",
    "summary": "This lesson explores the skills and experience of a machine learning engineer, highligh [in C:\Users\DCS\Desktop\New folder (10)\iqbalAI_1.0\app\services\lesson_service.py:603]
2025-07-26 09:51:27,106 INFO: Successfully generated structured lesson [in C:\Users\DCS\Desktop\New folder (10)\iqbalAI_1.0\app\services\lesson_service.py:609]
2025-07-26 09:51:46,452 ERROR: Error editing lesson with prompt: Could not import sentence_transformers python package. Please install it with `pip install sentence-transformers`. [in C:\Users\DCS\Desktop\New folder (10)\iqbalAI_1.0\app\services\lesson_service.py:987]
Traceback (most recent call last):
  File "C:\Users\DCS\Desktop\New folder (10)\iqbalAI_1.0\venv\Lib\site-packages\langchain_community\embeddings\huggingface.py", line 84, in __init__
    import sentence_transformers
ModuleNotFoundError: No module named 'sentence_transformers'

The above exception was the direct cause of the following exception:

Traceback (most recent call last):
  File "C:\Users\DCS\Desktop\New folder (10)\iqbalAI_1.0\app\services\lesson_service.py", line 947, in edit_lesson_with_prompt
    embeddings = HuggingFaceEmbeddings(model_name="sentence-transformers/all-MiniLM-L6-v2")
  File "C:\Users\DCS\Desktop\New folder (10)\iqbalAI_1.0\venv\Lib\site-packages\langchain_core\_api\deprecation.py", line 222, in warn_if_direct_instance
    return wrapped(self, *args, **kwargs)
  File "C:\Users\DCS\Desktop\New folder (10)\iqbalAI_1.0\venv\Lib\site-packages\langchain_community\embeddings\huggingface.py", line 87, in __init__
    raise ImportError(
    ...<2 lines>...
    ) from exc
ImportError: Could not import sentence_transformers python package. Please install it with `pip install sentence-transformers`.
2025-07-26 09:52:50,006 ERROR: Error editing lesson with prompt: Could not import sentence_transformers python package. Please install it with `pip install sentence-transformers`. [in C:\Users\DCS\Desktop\New folder (10)\iqbalAI_1.0\app\services\lesson_service.py:987]
Traceback (most recent call last):
  File "C:\Users\DCS\Desktop\New folder (10)\iqbalAI_1.0\venv\Lib\site-packages\langchain_community\embeddings\huggingface.py", line 84, in __init__
    import sentence_transformers
ModuleNotFoundError: No module named 'sentence_transformers'

The above exception was the direct cause of the following exception:

Traceback (most recent call last):
  File "C:\Users\DCS\Desktop\New folder (10)\iqbalAI_1.0\app\services\lesson_service.py", line 947, in edit_lesson_with_prompt
    embeddings = HuggingFaceEmbeddings(model_name="sentence-transformers/all-MiniLM-L6-v2")
  File "C:\Users\DCS\Desktop\New folder (10)\iqbalAI_1.0\venv\Lib\site-packages\langchain_core\_api\deprecation.py", line 222, in warn_if_direct_instance
    return wrapped(self, *args, **kwargs)
  File "C:\Users\DCS\Desktop\New folder (10)\iqbalAI_1.0\venv\Lib\site-packages\langchain_community\embeddings\huggingface.py", line 87, in __init__
    raise ImportError(
    ...<2 lines>...
    ) from exc
ImportError: Could not import sentence_transformers python package. Please install it with `pip install sentence-transformers`.
