2025-07-26 09:23:50,945 ERROR: Error editing lesson with prompt: Could not import sentence_transformers python package. Please install it with `pip install sentence-transformers`. [in C:\Users\DCS\Desktop\New folder (10)\iqbalAI_1.0\app\services\lesson_service.py:987]
Traceback (most recent call last):
  File "C:\Users\DCS\Desktop\New folder (10)\iqbalAI_1.0\venv\Lib\site-packages\langchain_community\embeddings\huggingface.py", line 84, in __init__
    import sentence_transformers
ModuleNotFoundError: No module named 'sentence_transformers'

The above exception was the direct cause of the following exception:

Traceback (most recent call last):
  File "C:\Users\DCS\Desktop\New folder (10)\iqbalAI_1.0\app\services\lesson_service.py", line 947, in edit_lesson_with_prompt
    embeddings = HuggingFaceEmbeddings(model_name="sentence-transformers/all-MiniLM-L6-v2")
  File "C:\Users\DCS\Desktop\New folder (10)\iqbalAI_1.0\venv\Lib\site-packages\langchain_core\_api\deprecation.py", line 222, in warn_if_direct_instance
    return wrapped(self, *args, **kwargs)
  File "C:\Users\DCS\Desktop\New folder (10)\iqbalAI_1.0\venv\Lib\site-packages\langchain_community\embeddings\huggingface.py", line 87, in __init__
    raise ImportError(
    ...<2 lines>...
    ) from exc
ImportError: Could not import sentence_transformers python package. Please install it with `pip install sentence-transformers`.
